
ROM used: 213 (3%)
          2048 (26%) including unused fragments

          1 Average locations per line
          6 Average locations per statement

RAM used: 21 (13%) at main() level
          23 (14%) worst case

Lines Stmts  %   Files
----- ----- ---  -----
   58    36 100  C:\TS2\Denys_Forest\voiture_RC.c
  281     0   0  C:\Program Files\PICC\devices\16F877A.h
----- -----
  678    72 Total

Page ROM  %  RAM  Functions:
---- --- --- ---  ----------
0     19   9   1  @delay_ms1
0      8   4   0  tmer0_int
0     30  14   0  main
0     62  29   1  init
0     43  20   1  trans

 Segment   Used  Free
---------  ----  ----
00000-00003     4  0
00004-00032    47  0
00033-007FF   162  1835
00800-00FFF     0  2048
01000-017FF     0  2048
01800-01ED5     0  1750

